[ 2016-03-30T13:21:50+08:00 ] ::1 /
INFO: [ app_init ] --START--
INFO: Run Behavior\BuildLiteBehavior [ RunTime:0.000057s ]
INFO: [ app_init ] --END-- [ RunTime:0.000330s ]
INFO: [ app_begin ] --START--
INFO: Run Behavior\ReadHtmlCacheBehavior [ RunTime:0.001274s ]
INFO: [ app_begin ] --END-- [ RunTime:0.001597s ]
INFO: [ view_parse ] --START--
INFO: [ template_filter ] --START--
INFO: Run Behavior\ContentReplaceBehavior [ RunTime:0.000179s ]
INFO: [ template_filter ] --END-- [ RunTime:0.000467s ]
INFO: Run Behavior\ParseTemplateBehavior [ RunTime:0.016565s ]
INFO: [ view_parse ] --END-- [ RunTime:0.016895s ]
INFO: [ view_filter ] --START--
INFO: Run Behavior\WriteHtmlCacheBehavior [ RunTime:0.000492s ]
INFO: [ view_filter ] --END-- [ RunTime:0.000772s ]
INFO: [ app_end ] --START--
INFO: Run Behavior\ShowPageTraceBehavior [ RunTime:0.001222s ]
INFO: [ app_end ] --END-- [ RunTime:0.001485s ]

[ 2016-03-30T13:27:47+08:00 ] ::1 /
INFO: [ app_init ] --START--
INFO: Run Behavior\BuildLiteBehavior [ RunTime:0.000051s ]
INFO: [ app_init ] --END-- [ RunTime:0.000952s ]
INFO: [ app_begin ] --START--
INFO: Run Behavior\ReadHtmlCacheBehavior [ RunTime:0.000986s ]
INFO: [ app_begin ] --END-- [ RunTime:0.001195s ]
INFO: [ view_parse ] --START--
INFO: Run Behavior\ParseTemplateBehavior [ RunTime:0.000386s ]
INFO: [ view_parse ] --END-- [ RunTime:0.000567s ]
INFO: [ view_filter ] --START--
INFO: Run Behavior\WriteHtmlCacheBehavior [ RunTime:0.000234s ]
INFO: [ view_filter ] --END-- [ RunTime:0.000396s ]
INFO: [ app_end ] --START--
INFO: Run Behavior\ShowPageTraceBehavior [ RunTime:0.000802s ]
INFO: [ app_end ] --END-- [ RunTime:0.000964s ]

[ 2016-03-30T13:29:51+08:00 ] ::1 /
INFO: [ app_init ] --START--
INFO: Run Behavior\BuildLiteBehavior [ RunTime:0.000037s ]
INFO: [ app_init ] --END-- [ RunTime:0.000664s ]
INFO: [ app_begin ] --START--
INFO: Run Behavior\ReadHtmlCacheBehavior [ RunTime:0.000716s ]
INFO: [ app_begin ] --END-- [ RunTime:0.000864s ]
INFO: [ view_parse ] --START--
INFO: Run Behavior\ParseTemplateBehavior [ RunTime:0.000335s ]
INFO: [ view_parse ] --END-- [ RunTime:0.000503s ]
INFO: [ view_filter ] --START--
INFO: Run Behavior\WriteHtmlCacheBehavior [ RunTime:0.000204s ]
INFO: [ view_filter ] --END-- [ RunTime:0.000333s ]
INFO: [ app_end ] --START--
INFO: Run Behavior\ShowPageTraceBehavior [ RunTime:0.000740s ]
INFO: [ app_end ] --END-- [ RunTime:0.000871s ]

[ 2016-03-30T13:57:57+08:00 ] ::1 /
INFO: [ app_init ] --START--
INFO: Run Behavior\BuildLiteBehavior [ RunTime:0.000036s ]
INFO: [ app_init ] --END-- [ RunTime:0.000604s ]
INFO: [ app_begin ] --START--
INFO: Run Behavior\ReadHtmlCacheBehavior [ RunTime:0.000704s ]
INFO: [ app_begin ] --END-- [ RunTime:0.000931s ]
INFO: [ view_parse ] --START--
INFO: Run Behavior\ParseTemplateBehavior [ RunTime:0.000321s ]
INFO: [ view_parse ] --END-- [ RunTime:0.000480s ]
INFO: [ view_filter ] --START--
INFO: Run Behavior\WriteHtmlCacheBehavior [ RunTime:0.000182s ]
INFO: [ view_filter ] --END-- [ RunTime:0.000311s ]
INFO: [ app_end ] --START--
INFO: Run Behavior\ShowPageTraceBehavior [ RunTime:0.000706s ]
INFO: [ app_end ] --END-- [ RunTime:0.000846s ]

[ 2016-03-30T14:02:14+08:00 ] ::1 /
INFO: [ app_init ] --START--
INFO: Run Behavior\BuildLiteBehavior [ RunTime:0.000033s ]
INFO: [ app_init ] --END-- [ RunTime:0.000605s ]
INFO: [ app_begin ] --START--
INFO: Run Behavior\ReadHtmlCacheBehavior [ RunTime:0.000841s ]
INFO: [ app_begin ] --END-- [ RunTime:0.001260s ]
INFO: [ view_parse ] --START--
INFO: Run Behavior\ParseTemplateBehavior [ RunTime:0.000383s ]
INFO: [ view_parse ] --END-- [ RunTime:0.000574s ]
INFO: [ view_filter ] --START--
INFO: Run Behavior\WriteHtmlCacheBehavior [ RunTime:0.000250s ]
INFO: [ view_filter ] --END-- [ RunTime:0.000401s ]
INFO: [ app_end ] --START--
INFO: Run Behavior\ShowPageTraceBehavior [ RunTime:0.001393s ]
INFO: [ app_end ] --END-- [ RunTime:0.001577s ]

[ 2016-03-30T14:03:57+08:00 ] ::1 /
INFO: [ app_init ] --START--
INFO: Run Behavior\BuildLiteBehavior [ RunTime:0.000031s ]
INFO: [ app_init ] --END-- [ RunTime:0.000493s ]
INFO: [ app_begin ] --START--
INFO: Run Behavior\ReadHtmlCacheBehavior [ RunTime:0.000546s ]
INFO: [ app_begin ] --END-- [ RunTime:0.000712s ]
INFO: [ view_parse ] --START--
INFO: Run Behavior\ParseTemplateBehavior [ RunTime:0.000335s ]
INFO: [ view_parse ] --END-- [ RunTime:0.000470s ]
INFO: [ view_filter ] --START--
INFO: Run Behavior\WriteHtmlCacheBehavior [ RunTime:0.000178s ]
INFO: [ view_filter ] --END-- [ RunTime:0.000308s ]
INFO: [ app_end ] --START--
INFO: Run Behavior\ShowPageTraceBehavior [ RunTime:0.000594s ]
INFO: [ app_end ] --END-- [ RunTime:0.000724s ]

[ 2016-03-30T14:04:17+08:00 ] ::1 /
INFO: [ app_init ] --START--
INFO: Run Behavior\BuildLiteBehavior [ RunTime:0.000043s ]
INFO: [ app_init ] --END-- [ RunTime:0.000660s ]
INFO: [ app_begin ] --START--
INFO: Run Behavior\ReadHtmlCacheBehavior [ RunTime:0.000614s ]
INFO: [ app_begin ] --END-- [ RunTime:0.000769s ]
INFO: [ view_parse ] --START--
INFO: Run Behavior\ParseTemplateBehavior [ RunTime:0.000378s ]
INFO: [ view_parse ] --END-- [ RunTime:0.000567s ]
INFO: [ view_filter ] --START--
INFO: Run Behavior\WriteHtmlCacheBehavior [ RunTime:0.000309s ]
INFO: [ view_filter ] --END-- [ RunTime:0.000474s ]
INFO: [ app_end ] --START--
INFO: Run Behavior\ShowPageTraceBehavior [ RunTime:0.001187s ]
INFO: [ app_end ] --END-- [ RunTime:0.001432s ]

[ 2016-03-30T14:04:53+08:00 ] ::1 /
INFO: [ app_init ] --START--
INFO: Run Behavior\BuildLiteBehavior [ RunTime:0.000032s ]
INFO: [ app_init ] --END-- [ RunTime:0.000508s ]
INFO: [ app_begin ] --START--
INFO: Run Behavior\ReadHtmlCacheBehavior [ RunTime:0.000556s ]
INFO: [ app_begin ] --END-- [ RunTime:0.000689s ]
INFO: [ action_begin ] --START--
INFO: Run Home\Behaviors\AuthBehavior [ RunTime:0.000805s ]
INFO: [ action_begin ] --END-- [ RunTime:0.000947s ]
INFO: [ view_parse ] --START--
INFO: Run Behavior\ParseTemplateBehavior [ RunTime:0.000318s ]
INFO: [ view_parse ] --END-- [ RunTime:0.000461s ]
INFO: [ view_filter ] --START--
INFO: Run Behavior\WriteHtmlCacheBehavior [ RunTime:0.000190s ]
INFO: [ view_filter ] --END-- [ RunTime:0.000319s ]
NOTIC: [2] Cannot modify header information - headers already sent by (output started at /Users/rojer/Documents/php/shizai/ThinkPHP/Common/functions.php:850) /Users/rojer/Documents/php/shizai/ThinkPHP/Library/Think/View.class.php 第 91 行.
NOTIC: [2] Cannot modify header information - headers already sent by (output started at /Users/rojer/Documents/php/shizai/ThinkPHP/Common/functions.php:850) /Users/rojer/Documents/php/shizai/ThinkPHP/Library/Think/View.class.php 第 92 行.
NOTIC: [2] Cannot modify header information - headers already sent by (output started at /Users/rojer/Documents/php/shizai/ThinkPHP/Common/functions.php:850) /Users/rojer/Documents/php/shizai/ThinkPHP/Library/Think/View.class.php 第 93 行.
INFO: [ app_end ] --START--
INFO: Run Behavior\ShowPageTraceBehavior [ RunTime:0.000582s ]
INFO: [ app_end ] --END-- [ RunTime:0.000733s ]

[ 2016-03-30T14:04:57+08:00 ] ::1 /
INFO: [ app_init ] --START--
INFO: Run Behavior\BuildLiteBehavior [ RunTime:0.000037s ]
INFO: [ app_init ] --END-- [ RunTime:0.000550s ]
INFO: [ app_begin ] --START--
INFO: Run Behavior\ReadHtmlCacheBehavior [ RunTime:0.000975s ]
INFO: [ app_begin ] --END-- [ RunTime:0.001145s ]
INFO: [ view_parse ] --START--
INFO: Run Behavior\ParseTemplateBehavior [ RunTime:0.000309s ]
INFO: [ view_parse ] --END-- [ RunTime:0.000455s ]
INFO: [ view_filter ] --START--
INFO: Run Behavior\WriteHtmlCacheBehavior [ RunTime:0.000195s ]
INFO: [ view_filter ] --END-- [ RunTime:0.000334s ]
INFO: [ app_end ] --START--
INFO: Run Behavior\ShowPageTraceBehavior [ RunTime:0.000640s ]
INFO: [ app_end ] --END-- [ RunTime:0.000781s ]

[ 2016-03-30T14:05:04+08:00 ] ::1 /
INFO: [ app_init ] --START--
INFO: Run Behavior\BuildLiteBehavior [ RunTime:0.000032s ]
INFO: [ app_init ] --END-- [ RunTime:0.000479s ]
INFO: [ app_begin ] --START--
INFO: Run Behavior\ReadHtmlCacheBehavior [ RunTime:0.000531s ]
INFO: [ app_begin ] --END-- [ RunTime:0.000666s ]
INFO: [ action_begin ] --START--
INFO: Run Home\Behaviors\AuthBehavior [ RunTime:0.000800s ]
INFO: [ action_begin ] --END-- [ RunTime:0.000942s ]
INFO: [ view_parse ] --START--
INFO: Run Behavior\ParseTemplateBehavior [ RunTime:0.000307s ]
INFO: [ view_parse ] --END-- [ RunTime:0.000439s ]
INFO: [ view_filter ] --START--
INFO: Run Behavior\WriteHtmlCacheBehavior [ RunTime:0.000183s ]
INFO: [ view_filter ] --END-- [ RunTime:0.000311s ]
NOTIC: [2] Cannot modify header information - headers already sent by (output started at /Users/rojer/Documents/php/shizai/ThinkPHP/Common/functions.php:850) /Users/rojer/Documents/php/shizai/ThinkPHP/Library/Think/View.class.php 第 91 行.
NOTIC: [2] Cannot modify header information - headers already sent by (output started at /Users/rojer/Documents/php/shizai/ThinkPHP/Common/functions.php:850) /Users/rojer/Documents/php/shizai/ThinkPHP/Library/Think/View.class.php 第 92 行.
NOTIC: [2] Cannot modify header information - headers already sent by (output started at /Users/rojer/Documents/php/shizai/ThinkPHP/Common/functions.php:850) /Users/rojer/Documents/php/shizai/ThinkPHP/Library/Think/View.class.php 第 93 行.
INFO: [ app_end ] --START--
INFO: Run Behavior\ShowPageTraceBehavior [ RunTime:0.000591s ]
INFO: [ app_end ] --END-- [ RunTime:0.000721s ]

[ 2016-03-30T14:05:23+08:00 ] ::1 /
INFO: [ app_init ] --START--
INFO: Run Behavior\BuildLiteBehavior [ RunTime:0.000032s ]
INFO: [ app_init ] --END-- [ RunTime:0.000480s ]
INFO: [ app_begin ] --START--
INFO: Run Behavior\ReadHtmlCacheBehavior [ RunTime:0.000573s ]
INFO: [ app_begin ] --END-- [ RunTime:0.000709s ]
INFO: [ action_begin ] --START--
NOTIC: [8] Use of undefined constant APP_MODEL - assumed 'APP_MODEL' /Users/rojer/Documents/php/shizai/Application/Home/Behaviors/AuthBehavior.class.php 第 21 行.
INFO: Run Home\Behaviors\AuthBehavior [ RunTime:0.000914s ]
INFO: [ action_begin ] --END-- [ RunTime:0.001071s ]
INFO: [ view_parse ] --START--
INFO: Run Behavior\ParseTemplateBehavior [ RunTime:0.000314s ]
INFO: [ view_parse ] --END-- [ RunTime:0.000449s ]
INFO: [ view_filter ] --START--
INFO: Run Behavior\WriteHtmlCacheBehavior [ RunTime:0.000190s ]
INFO: [ view_filter ] --END-- [ RunTime:0.000318s ]
NOTIC: [2] Cannot modify header information - headers already sent by (output started at /Users/rojer/Documents/php/shizai/ThinkPHP/Common/functions.php:850) /Users/rojer/Documents/php/shizai/ThinkPHP/Library/Think/View.class.php 第 91 行.
NOTIC: [2] Cannot modify header information - headers already sent by (output started at /Users/rojer/Documents/php/shizai/ThinkPHP/Common/functions.php:850) /Users/rojer/Documents/php/shizai/ThinkPHP/Library/Think/View.class.php 第 92 行.
NOTIC: [2] Cannot modify header information - headers already sent by (output started at /Users/rojer/Documents/php/shizai/ThinkPHP/Common/functions.php:850) /Users/rojer/Documents/php/shizai/ThinkPHP/Library/Think/View.class.php 第 93 行.
INFO: [ app_end ] --START--
INFO: Run Behavior\ShowPageTraceBehavior [ RunTime:0.000712s ]
INFO: [ app_end ] --END-- [ RunTime:0.000863s ]

[ 2016-03-30T14:05:41+08:00 ] ::1 /
INFO: [ app_init ] --START--
INFO: Run Behavior\BuildLiteBehavior [ RunTime:0.000040s ]
INFO: [ app_init ] --END-- [ RunTime:0.000656s ]
INFO: [ app_begin ] --START--
INFO: Run Behavior\ReadHtmlCacheBehavior [ RunTime:0.000921s ]
INFO: [ app_begin ] --END-- [ RunTime:0.001147s ]
INFO: [ action_begin ] --START--
INFO: Run Home\Behaviors\AuthBehavior [ RunTime:0.000637s ]
INFO: [ action_begin ] --END-- [ RunTime:0.000776s ]
INFO: [ view_parse ] --START--
INFO: Run Behavior\ParseTemplateBehavior [ RunTime:0.000328s ]
INFO: [ view_parse ] --END-- [ RunTime:0.000467s ]
INFO: [ view_filter ] --START--
INFO: Run Behavior\WriteHtmlCacheBehavior [ RunTime:0.000330s ]
INFO: [ view_filter ] --END-- [ RunTime:0.000493s ]
NOTIC: [2] Cannot modify header information - headers already sent by (output started at /Users/rojer/Documents/php/shizai/ThinkPHP/Common/functions.php:850) /Users/rojer/Documents/php/shizai/ThinkPHP/Library/Think/View.class.php 第 91 行.
NOTIC: [2] Cannot modify header information - headers already sent by (output started at /Users/rojer/Documents/php/shizai/ThinkPHP/Common/functions.php:850) /Users/rojer/Documents/php/shizai/ThinkPHP/Library/Think/View.class.php 第 92 行.
NOTIC: [2] Cannot modify header information - headers already sent by (output started at /Users/rojer/Documents/php/shizai/ThinkPHP/Common/functions.php:850) /Users/rojer/Documents/php/shizai/ThinkPHP/Library/Think/View.class.php 第 93 行.
INFO: [ app_end ] --START--
INFO: Run Behavior\ShowPageTraceBehavior [ RunTime:0.000600s ]
INFO: [ app_end ] --END-- [ RunTime:0.000742s ]

[ 2016-03-30T14:06:23+08:00 ] ::1 /
INFO: [ app_init ] --START--
INFO: Run Behavior\BuildLiteBehavior [ RunTime:0.000034s ]
INFO: [ app_init ] --END-- [ RunTime:0.000570s ]
INFO: [ app_begin ] --START--
INFO: Run Behavior\ReadHtmlCacheBehavior [ RunTime:0.000963s ]
INFO: [ app_begin ] --END-- [ RunTime:0.001136s ]
INFO: [ action_begin ] --START--
INFO: Run Home\Behaviors\AuthBehavior [ RunTime:0.000820s ]
INFO: [ action_begin ] --END-- [ RunTime:0.001015s ]
INFO: [ view_parse ] --START--
INFO: Run Behavior\ParseTemplateBehavior [ RunTime:0.000505s ]
INFO: [ view_parse ] --END-- [ RunTime:0.000674s ]
INFO: [ view_filter ] --START--
INFO: Run Behavior\WriteHtmlCacheBehavior [ RunTime:0.000223s ]
INFO: [ view_filter ] --END-- [ RunTime:0.000379s ]
NOTIC: [2] Cannot modify header information - headers already sent by (output started at /Users/rojer/Documents/php/shizai/ThinkPHP/Common/functions.php:850) /Users/rojer/Documents/php/shizai/ThinkPHP/Library/Think/View.class.php 第 91 行.
NOTIC: [2] Cannot modify header information - headers already sent by (output started at /Users/rojer/Documents/php/shizai/ThinkPHP/Common/functions.php:850) /Users/rojer/Documents/php/shizai/ThinkPHP/Library/Think/View.class.php 第 92 行.
NOTIC: [2] Cannot modify header information - headers already sent by (output started at /Users/rojer/Documents/php/shizai/ThinkPHP/Common/functions.php:850) /Users/rojer/Documents/php/shizai/ThinkPHP/Library/Think/View.class.php 第 93 行.
INFO: [ app_end ] --START--
INFO: Run Behavior\ShowPageTraceBehavior [ RunTime:0.000943s ]
INFO: [ app_end ] --END-- [ RunTime:0.001247s ]

[ 2016-03-30T14:10:27+08:00 ] ::1 /
INFO: [ app_init ] --START--
INFO: Run Behavior\BuildLiteBehavior [ RunTime:0.000038s ]
INFO: [ app_init ] --END-- [ RunTime:0.000643s ]
INFO: [ app_begin ] --START--
INFO: Run Behavior\ReadHtmlCacheBehavior [ RunTime:0.000552s ]
INFO: [ app_begin ] --END-- [ RunTime:0.000713s ]
INFO: [ action_begin ] --START--
INFO: Run Home\Behaviors\AuthBehavior [ RunTime:0.000657s ]
INFO: [ action_begin ] --END-- [ RunTime:0.000796s ]
INFO: [ view_parse ] --START--
INFO: Run Behavior\ParseTemplateBehavior [ RunTime:0.000299s ]
INFO: [ view_parse ] --END-- [ RunTime:0.000432s ]
INFO: [ view_filter ] --START--
INFO: Run Behavior\WriteHtmlCacheBehavior [ RunTime:0.000183s ]
INFO: [ view_filter ] --END-- [ RunTime:0.000311s ]
NOTIC: [2] Cannot modify header information - headers already sent by (output started at /Users/rojer/Documents/php/shizai/ThinkPHP/Common/functions.php:850) /Users/rojer/Documents/php/shizai/ThinkPHP/Library/Think/View.class.php 第 91 行.
NOTIC: [2] Cannot modify header information - headers already sent by (output started at /Users/rojer/Documents/php/shizai/ThinkPHP/Common/functions.php:850) /Users/rojer/Documents/php/shizai/ThinkPHP/Library/Think/View.class.php 第 92 行.
NOTIC: [2] Cannot modify header information - headers already sent by (output started at /Users/rojer/Documents/php/shizai/ThinkPHP/Common/functions.php:850) /Users/rojer/Documents/php/shizai/ThinkPHP/Library/Think/View.class.php 第 93 行.
INFO: [ app_end ] --START--
INFO: Run Behavior\ShowPageTraceBehavior [ RunTime:0.000569s ]
INFO: [ app_end ] --END-- [ RunTime:0.000698s ]

[ 2016-03-30T14:10:33+08:00 ] ::1 /
INFO: [ app_init ] --START--
INFO: Run Behavior\BuildLiteBehavior [ RunTime:0.000032s ]
INFO: [ app_init ] --END-- [ RunTime:0.000479s ]
INFO: [ app_begin ] --START--
INFO: Run Behavior\ReadHtmlCacheBehavior [ RunTime:0.000526s ]
INFO: [ app_begin ] --END-- [ RunTime:0.000658s ]
INFO: [ action_begin ] --START--
INFO: Run Home\Behaviors\AuthBehavior [ RunTime:0.002678s ]
INFO: [ action_begin ] --END-- [ RunTime:0.002835s ]
INFO: [ view_parse ] --START--
INFO: Run Behavior\ParseTemplateBehavior [ RunTime:0.000360s ]
INFO: [ view_parse ] --END-- [ RunTime:0.000542s ]
INFO: [ view_filter ] --START--
INFO: Run Behavior\WriteHtmlCacheBehavior [ RunTime:0.000218s ]
INFO: [ view_filter ] --END-- [ RunTime:0.000355s ]
NOTIC: [2] Cannot modify header information - headers already sent by (output started at /Users/rojer/Documents/php/shizai/ThinkPHP/Common/functions.php:850) /Users/rojer/Documents/php/shizai/ThinkPHP/Library/Think/View.class.php 第 91 行.
NOTIC: [2] Cannot modify header information - headers already sent by (output started at /Users/rojer/Documents/php/shizai/ThinkPHP/Common/functions.php:850) /Users/rojer/Documents/php/shizai/ThinkPHP/Library/Think/View.class.php 第 92 行.
NOTIC: [2] Cannot modify header information - headers already sent by (output started at /Users/rojer/Documents/php/shizai/ThinkPHP/Common/functions.php:850) /Users/rojer/Documents/php/shizai/ThinkPHP/Library/Think/View.class.php 第 93 行.
INFO: [ app_end ] --START--
INFO: Run Behavior\ShowPageTraceBehavior [ RunTime:0.000630s ]
INFO: [ app_end ] --END-- [ RunTime:0.000767s ]

[ 2016-03-30T14:10:56+08:00 ] ::1 /
INFO: [ app_init ] --START--
INFO: Run Behavior\BuildLiteBehavior [ RunTime:0.000038s ]
INFO: [ app_init ] --END-- [ RunTime:0.000643s ]
INFO: [ app_begin ] --START--
INFO: Run Behavior\ReadHtmlCacheBehavior [ RunTime:0.000647s ]
INFO: [ app_begin ] --END-- [ RunTime:0.000817s ]
INFO: [ action_begin ] --START--
INFO: Run Home\Behaviors\AuthBehavior [ RunTime:0.002373s ]
INFO: [ action_begin ] --END-- [ RunTime:0.002595s ]
INFO: [ view_parse ] --START--
INFO: Run Behavior\ParseTemplateBehavior [ RunTime:0.000462s ]
INFO: [ view_parse ] --END-- [ RunTime:0.000657s ]
INFO: [ view_filter ] --START--
INFO: Run Behavior\WriteHtmlCacheBehavior [ RunTime:0.000245s ]
INFO: [ view_filter ] --END-- [ RunTime:0.000386s ]
NOTIC: [2] Cannot modify header information - headers already sent by (output started at /Users/rojer/Documents/php/shizai/ThinkPHP/Common/functions.php:850) /Users/rojer/Documents/php/shizai/ThinkPHP/Library/Think/View.class.php 第 91 行.
NOTIC: [2] Cannot modify header information - headers already sent by (output started at /Users/rojer/Documents/php/shizai/ThinkPHP/Common/functions.php:850) /Users/rojer/Documents/php/shizai/ThinkPHP/Library/Think/View.class.php 第 92 行.
NOTIC: [2] Cannot modify header information - headers already sent by (output started at /Users/rojer/Documents/php/shizai/ThinkPHP/Common/functions.php:850) /Users/rojer/Documents/php/shizai/ThinkPHP/Library/Think/View.class.php 第 93 行.
INFO: [ app_end ] --START--
INFO: Run Behavior\ShowPageTraceBehavior [ RunTime:0.000655s ]
INFO: [ app_end ] --END-- [ RunTime:0.000803s ]

[ 2016-03-30T14:12:21+08:00 ] ::1 /
INFO: [ app_init ] --START--
INFO: Run Behavior\BuildLiteBehavior [ RunTime:0.000038s ]
INFO: [ app_init ] --END-- [ RunTime:0.000615s ]
INFO: [ app_begin ] --START--
INFO: Run Behavior\ReadHtmlCacheBehavior [ RunTime:0.000649s ]
INFO: [ app_begin ] --END-- [ RunTime:0.000817s ]
INFO: [ action_begin ] --START--
INFO: Run Home\Behaviors\AuthBehavior [ RunTime:0.001003s ]
INFO: [ action_begin ] --END-- [ RunTime:0.001184s ]
INFO: [ view_parse ] --START--
INFO: Run Behavior\ParseTemplateBehavior [ RunTime:0.000390s ]
INFO: [ view_parse ] --END-- [ RunTime:0.000541s ]
INFO: [ view_filter ] --START--
INFO: Run Behavior\WriteHtmlCacheBehavior [ RunTime:0.000234s ]
INFO: [ view_filter ] --END-- [ RunTime:0.000375s ]
NOTIC: [2] Cannot modify header information - headers already sent by (output started at /Users/rojer/Documents/php/shizai/ThinkPHP/Common/functions.php:850) /Users/rojer/Documents/php/shizai/ThinkPHP/Library/Think/View.class.php 第 91 行.
NOTIC: [2] Cannot modify header information - headers already sent by (output started at /Users/rojer/Documents/php/shizai/ThinkPHP/Common/functions.php:850) /Users/rojer/Documents/php/shizai/ThinkPHP/Library/Think/View.class.php 第 92 行.
NOTIC: [2] Cannot modify header information - headers already sent by (output started at /Users/rojer/Documents/php/shizai/ThinkPHP/Common/functions.php:850) /Users/rojer/Documents/php/shizai/ThinkPHP/Library/Think/View.class.php 第 93 行.
INFO: [ app_end ] --START--
INFO: Run Behavior\ShowPageTraceBehavior [ RunTime:0.000697s ]
INFO: [ app_end ] --END-- [ RunTime:0.000850s ]

[ 2016-03-30T14:14:00+08:00 ] ::1 /
INFO: [ app_init ] --START--
INFO: Run Behavior\BuildLiteBehavior [ RunTime:0.000041s ]
INFO: [ app_init ] --END-- [ RunTime:0.000905s ]
INFO: [ app_begin ] --START--
INFO: Run Behavior\ReadHtmlCacheBehavior [ RunTime:0.001095s ]
INFO: [ app_begin ] --END-- [ RunTime:0.001329s ]
INFO: [ action_begin ] --START--
INFO: Run Home\Behaviors\AuthBehavior [ RunTime:0.001445s ]
INFO: [ action_begin ] --END-- [ RunTime:0.001680s ]
INFO: [ view_parse ] --START--
INFO: Run Behavior\ParseTemplateBehavior [ RunTime:0.000852s ]
INFO: [ view_parse ] --END-- [ RunTime:0.001159s ]
INFO: [ view_filter ] --START--
INFO: Run Behavior\WriteHtmlCacheBehavior [ RunTime:0.000631s ]
INFO: [ view_filter ] --END-- [ RunTime:0.000871s ]
NOTIC: [2] Cannot modify header information - headers already sent by (output started at /Users/rojer/Documents/php/shizai/ThinkPHP/Common/functions.php:850) /Users/rojer/Documents/php/shizai/ThinkPHP/Library/Think/View.class.php 第 91 行.
NOTIC: [2] Cannot modify header information - headers already sent by (output started at /Users/rojer/Documents/php/shizai/ThinkPHP/Common/functions.php:850) /Users/rojer/Documents/php/shizai/ThinkPHP/Library/Think/View.class.php 第 92 行.
NOTIC: [2] Cannot modify header information - headers already sent by (output started at /Users/rojer/Documents/php/shizai/ThinkPHP/Common/functions.php:850) /Users/rojer/Documents/php/shizai/ThinkPHP/Library/Think/View.class.php 第 93 行.
INFO: [ app_end ] --START--
INFO: Run Behavior\ShowPageTraceBehavior [ RunTime:0.001505s ]
INFO: [ app_end ] --END-- [ RunTime:0.001718s ]

[ 2016-03-30T14:14:07+08:00 ] ::1 /
INFO: [ app_init ] --START--
INFO: Run Behavior\BuildLiteBehavior [ RunTime:0.000040s ]
INFO: [ app_init ] --END-- [ RunTime:0.000648s ]
INFO: [ app_begin ] --START--
INFO: Run Behavior\ReadHtmlCacheBehavior [ RunTime:0.000889s ]
INFO: [ app_begin ] --END-- [ RunTime:0.001128s ]
INFO: [ action_begin ] --START--
INFO: Run Home\Behaviors\AuthBehavior [ RunTime:0.001737s ]
INFO: [ action_begin ] --END-- [ RunTime:0.001978s ]
INFO: [ view_parse ] --START--
INFO: Run Behavior\ParseTemplateBehavior [ RunTime:0.000470s ]
INFO: [ view_parse ] --END-- [ RunTime:0.000688s ]
INFO: [ view_filter ] --START--
INFO: Run Behavior\WriteHtmlCacheBehavior [ RunTime:0.000285s ]
INFO: [ view_filter ] --END-- [ RunTime:0.000447s ]
NOTIC: [2] Cannot modify header information - headers already sent by (output started at /Users/rojer/Documents/php/shizai/ThinkPHP/Common/functions.php:850) /Users/rojer/Documents/php/shizai/ThinkPHP/Library/Think/View.class.php 第 91 行.
NOTIC: [2] Cannot modify header information - headers already sent by (output started at /Users/rojer/Documents/php/shizai/ThinkPHP/Common/functions.php:850) /Users/rojer/Documents/php/shizai/ThinkPHP/Library/Think/View.class.php 第 92 行.
NOTIC: [2] Cannot modify header information - headers already sent by (output started at /Users/rojer/Documents/php/shizai/ThinkPHP/Common/functions.php:850) /Users/rojer/Documents/php/shizai/ThinkPHP/Library/Think/View.class.php 第 93 行.
INFO: [ app_end ] --START--
INFO: Run Behavior\ShowPageTraceBehavior [ RunTime:0.001326s ]
INFO: [ app_end ] --END-- [ RunTime:0.001621s ]

[ 2016-03-30T18:41:57+08:00 ] ::1 /
INFO: [ app_init ] --START--
INFO: Run Behavior\BuildLiteBehavior [ RunTime:0.000038s ]
INFO: [ app_init ] --END-- [ RunTime:0.000810s ]
INFO: [ app_begin ] --START--
INFO: Run Behavior\ReadHtmlCacheBehavior [ RunTime:0.000936s ]
INFO: [ app_begin ] --END-- [ RunTime:0.001103s ]
INFO: [ action_begin ] --START--
INFO: Run Home\Behaviors\AuthBehavior [ RunTime:0.001313s ]
INFO: [ action_begin ] --END-- [ RunTime:0.001466s ]
INFO: [ view_parse ] --START--
INFO: Run Behavior\ParseTemplateBehavior [ RunTime:0.000584s ]
INFO: [ view_parse ] --END-- [ RunTime:0.000738s ]
INFO: [ view_filter ] --START--
INFO: Run Behavior\WriteHtmlCacheBehavior [ RunTime:0.000454s ]
INFO: [ view_filter ] --END-- [ RunTime:0.000593s ]
NOTIC: [2] Cannot modify header information - headers already sent by (output started at /Users/rojer/Documents/php/shizai/ThinkPHP/Common/functions.php:850) /Users/rojer/Documents/php/shizai/ThinkPHP/Library/Think/View.class.php 第 91 行.
NOTIC: [2] Cannot modify header information - headers already sent by (output started at /Users/rojer/Documents/php/shizai/ThinkPHP/Common/functions.php:850) /Users/rojer/Documents/php/shizai/ThinkPHP/Library/Think/View.class.php 第 92 行.
NOTIC: [2] Cannot modify header information - headers already sent by (output started at /Users/rojer/Documents/php/shizai/ThinkPHP/Common/functions.php:850) /Users/rojer/Documents/php/shizai/ThinkPHP/Library/Think/View.class.php 第 93 行.
INFO: [ app_end ] --START--
INFO: Run Behavior\ShowPageTraceBehavior [ RunTime:0.000882s ]
INFO: [ app_end ] --END-- [ RunTime:0.001034s ]

[ 2016-03-30T18:45:47+08:00 ] ::1 /Home/news/1
INFO: [ app_init ] --START--
INFO: Run Behavior\BuildLiteBehavior [ RunTime:0.000037s ]
INFO: [ app_init ] --END-- [ RunTime:0.000647s ]
INFO: [ app_begin ] --START--
INFO: Run Behavior\ReadHtmlCacheBehavior [ RunTime:0.000669s ]
INFO: [ app_begin ] --END-- [ RunTime:0.000830s ]
INFO: [ action_begin ] --START--
INFO: Run Home\Behaviors\AuthBehavior [ RunTime:0.000792s ]
INFO: [ action_begin ] --END-- [ RunTime:0.000948s ]
INFO: [ view_parse ] --START--
INFO: Run Behavior\ParseTemplateBehavior [ RunTime:0.000322s ]
INFO: [ view_parse ] --END-- [ RunTime:0.000471s ]
INFO: [ view_filter ] --START--
INFO: Run Behavior\WriteHtmlCacheBehavior [ RunTime:0.000182s ]
INFO: [ view_filter ] --END-- [ RunTime:0.000309s ]
NOTIC: [2] Cannot modify header information - headers already sent by (output started at /Users/rojer/Documents/php/shizai/ThinkPHP/Common/functions.php:850) /Users/rojer/Documents/php/shizai/ThinkPHP/Library/Think/View.class.php 第 91 行.
NOTIC: [2] Cannot modify header information - headers already sent by (output started at /Users/rojer/Documents/php/shizai/ThinkPHP/Common/functions.php:850) /Users/rojer/Documents/php/shizai/ThinkPHP/Library/Think/View.class.php 第 92 行.
NOTIC: [2] Cannot modify header information - headers already sent by (output started at /Users/rojer/Documents/php/shizai/ThinkPHP/Common/functions.php:850) /Users/rojer/Documents/php/shizai/ThinkPHP/Library/Think/View.class.php 第 93 行.
INFO: [ app_end ] --START--
INFO: Run Behavior\ShowPageTraceBehavior [ RunTime:0.000646s ]
INFO: [ app_end ] --END-- [ RunTime:0.000784s ]

[ 2016-03-30T20:41:27+08:00 ] ::1 /
INFO: [ app_init ] --START--
INFO: Run Behavior\BuildLiteBehavior [ RunTime:0.000038s ]
INFO: [ app_init ] --END-- [ RunTime:0.000751s ]
INFO: [ app_begin ] --START--
INFO: Run Behavior\ReadHtmlCacheBehavior [ RunTime:0.001170s ]
INFO: [ app_begin ] --END-- [ RunTime:0.001392s ]
INFO: [ action_begin ] --START--
INFO: Run Home\Behaviors\AuthBehavior [ RunTime:0.001460s ]
INFO: [ action_begin ] --END-- [ RunTime:0.001636s ]
INFO: [ view_parse ] --START--
INFO: Run Behavior\ParseTemplateBehavior [ RunTime:0.001011s ]
INFO: [ view_parse ] --END-- [ RunTime:0.001157s ]
INFO: [ view_filter ] --START--
INFO: Run Behavior\WriteHtmlCacheBehavior [ RunTime:0.000531s ]
INFO: [ view_filter ] --END-- [ RunTime:0.000668s ]
NOTIC: [2] Cannot modify header information - headers already sent by (output started at /Users/rojer/Documents/php/shizai/ThinkPHP/Common/functions.php:850) /Users/rojer/Documents/php/shizai/ThinkPHP/Library/Think/View.class.php 第 91 行.
NOTIC: [2] Cannot modify header information - headers already sent by (output started at /Users/rojer/Documents/php/shizai/ThinkPHP/Common/functions.php:850) /Users/rojer/Documents/php/shizai/ThinkPHP/Library/Think/View.class.php 第 92 行.
NOTIC: [2] Cannot modify header information - headers already sent by (output started at /Users/rojer/Documents/php/shizai/ThinkPHP/Common/functions.php:850) /Users/rojer/Documents/php/shizai/ThinkPHP/Library/Think/View.class.php 第 93 行.
INFO: [ app_end ] --START--
INFO: Run Behavior\ShowPageTraceBehavior [ RunTime:0.001064s ]
INFO: [ app_end ] --END-- [ RunTime:0.001235s ]

