[ 2016-04-05T20:33:10+08:00 ] ::1 /
INFO: [ app_init ] --START--
INFO: Run Behavior\BuildLiteBehavior [ RunTime:0.000084s ]
INFO: [ app_init ] --END-- [ RunTime:0.002491s ]
INFO: [ app_begin ] --START--
INFO: Run Behavior\ReadHtmlCacheBehavior [ RunTime:0.001679s ]
INFO: [ app_begin ] --END-- [ RunTime:0.001992s ]
INFO: [ action_begin ] --START--
INFO: Run Home\Behaviors\AuthBehavior [ RunTime:0.004315s ]
INFO: [ action_begin ] --END-- [ RunTime:0.004824s ]
INFO: [ view_parse ] --START--
INFO: Run Behavior\ParseTemplateBehavior [ RunTime:0.000916s ]
INFO: [ view_parse ] --END-- [ RunTime:0.001257s ]
INFO: [ view_filter ] --START--
INFO: Run Behavior\WriteHtmlCacheBehavior [ RunTime:0.000617s ]
INFO: [ view_filter ] --END-- [ RunTime:0.000878s ]
NOTIC: [2] Cannot modify header information - headers already sent by (output started at /Users/rojer/Documents/php/shizai/ThinkPHP/Common/functions.php:850) /Users/rojer/Documents/php/shizai/ThinkPHP/Library/Think/View.class.php 第 91 行.
NOTIC: [2] Cannot modify header information - headers already sent by (output started at /Users/rojer/Documents/php/shizai/ThinkPHP/Common/functions.php:850) /Users/rojer/Documents/php/shizai/ThinkPHP/Library/Think/View.class.php 第 92 行.
NOTIC: [2] Cannot modify header information - headers already sent by (output started at /Users/rojer/Documents/php/shizai/ThinkPHP/Common/functions.php:850) /Users/rojer/Documents/php/shizai/ThinkPHP/Library/Think/View.class.php 第 93 行.
INFO: [ app_end ] --START--
INFO: Run Behavior\ShowPageTraceBehavior [ RunTime:0.001353s ]
INFO: [ app_end ] --END-- [ RunTime:0.001607s ]

[ 2016-04-05T20:33:10+08:00 ] ::1 /
INFO: [ app_init ] --START--
INFO: Run Behavior\BuildLiteBehavior [ RunTime:0.000050s ]
INFO: [ app_init ] --END-- [ RunTime:0.000811s ]
INFO: [ app_begin ] --START--
INFO: Run Behavior\ReadHtmlCacheBehavior [ RunTime:0.000714s ]
INFO: [ app_begin ] --END-- [ RunTime:0.000877s ]
INFO: [ action_begin ] --START--
INFO: Run Home\Behaviors\AuthBehavior [ RunTime:0.001013s ]
INFO: [ action_begin ] --END-- [ RunTime:0.001150s ]
INFO: [ view_parse ] --START--
INFO: Run Behavior\ParseTemplateBehavior [ RunTime:0.000317s ]
INFO: [ view_parse ] --END-- [ RunTime:0.000453s ]
INFO: [ view_filter ] --START--
INFO: Run Behavior\WriteHtmlCacheBehavior [ RunTime:0.000186s ]
INFO: [ view_filter ] --END-- [ RunTime:0.000312s ]
NOTIC: [2] Cannot modify header information - headers already sent by (output started at /Users/rojer/Documents/php/shizai/ThinkPHP/Common/functions.php:850) /Users/rojer/Documents/php/shizai/ThinkPHP/Library/Think/View.class.php 第 91 行.
NOTIC: [2] Cannot modify header information - headers already sent by (output started at /Users/rojer/Documents/php/shizai/ThinkPHP/Common/functions.php:850) /Users/rojer/Documents/php/shizai/ThinkPHP/Library/Think/View.class.php 第 92 行.
NOTIC: [2] Cannot modify header information - headers already sent by (output started at /Users/rojer/Documents/php/shizai/ThinkPHP/Common/functions.php:850) /Users/rojer/Documents/php/shizai/ThinkPHP/Library/Think/View.class.php 第 93 行.
INFO: [ app_end ] --START--
INFO: Run Behavior\ShowPageTraceBehavior [ RunTime:0.000701s ]
INFO: [ app_end ] --END-- [ RunTime:0.000841s ]

[ 2016-04-05T20:33:11+08:00 ] ::1 /favicon.ico
INFO: [ app_init ] --START--
INFO: Run Behavior\BuildLiteBehavior [ RunTime:0.000032s ]
INFO: [ app_init ] --END-- [ RunTime:0.000486s ]

[ 2016-04-05T20:50:44+08:00 ] ::1 /news/1
INFO: [ app_init ] --START--
INFO: Run Behavior\BuildLiteBehavior [ RunTime:0.000056s ]
INFO: [ app_init ] --END-- [ RunTime:0.000870s ]
INFO: [ app_begin ] --START--
INFO: Run Behavior\ReadHtmlCacheBehavior [ RunTime:0.001688s ]
INFO: [ app_begin ] --END-- [ RunTime:0.002049s ]
INFO: [ auth ] --START--
INFO: Run Home\Behaviors\AuthBehavior [ RunTime:0.001266s ]
INFO: [ auth ] --END-- [ RunTime:0.001491s ]
INFO: [ view_parse ] --START--
INFO: Run Behavior\ParseTemplateBehavior [ RunTime:0.000442s ]
INFO: [ view_parse ] --END-- [ RunTime:0.000620s ]
INFO: [ view_filter ] --START--
INFO: Run Behavior\WriteHtmlCacheBehavior [ RunTime:0.000255s ]
INFO: [ view_filter ] --END-- [ RunTime:0.000421s ]
NOTIC: [2] Cannot modify header information - headers already sent by (output started at /Users/rojer/Documents/php/shizai/ThinkPHP/Common/functions.php:850) /Users/rojer/Documents/php/shizai/ThinkPHP/Library/Think/View.class.php 第 91 行.
NOTIC: [2] Cannot modify header information - headers already sent by (output started at /Users/rojer/Documents/php/shizai/ThinkPHP/Common/functions.php:850) /Users/rojer/Documents/php/shizai/ThinkPHP/Library/Think/View.class.php 第 92 行.
NOTIC: [2] Cannot modify header information - headers already sent by (output started at /Users/rojer/Documents/php/shizai/ThinkPHP/Common/functions.php:850) /Users/rojer/Documents/php/shizai/ThinkPHP/Library/Think/View.class.php 第 93 行.
INFO: [ app_end ] --START--
INFO: Run Behavior\ShowPageTraceBehavior [ RunTime:0.000758s ]
INFO: [ app_end ] --END-- [ RunTime:0.000910s ]

[ 2016-04-05T20:50:50+08:00 ] ::1 /
INFO: [ app_init ] --START--
INFO: Run Behavior\BuildLiteBehavior [ RunTime:0.000059s ]
INFO: [ app_init ] --END-- [ RunTime:0.001052s ]
INFO: [ app_begin ] --START--
INFO: Run Behavior\ReadHtmlCacheBehavior [ RunTime:0.000623s ]
INFO: [ app_begin ] --END-- [ RunTime:0.000858s ]
INFO: [ auth ] --START--
INFO: Run Home\Behaviors\AuthBehavior [ RunTime:0.000773s ]
INFO: [ auth ] --END-- [ RunTime:0.000949s ]
INFO: [ view_parse ] --START--
INFO: Run Behavior\ParseTemplateBehavior [ RunTime:0.000804s ]
INFO: [ view_parse ] --END-- [ RunTime:0.001081s ]
INFO: [ view_filter ] --START--
INFO: Run Behavior\WriteHtmlCacheBehavior [ RunTime:0.000330s ]
INFO: [ view_filter ] --END-- [ RunTime:0.000562s ]
NOTIC: [2] Cannot modify header information - headers already sent by (output started at /Users/rojer/Documents/php/shizai/ThinkPHP/Common/functions.php:850) /Users/rojer/Documents/php/shizai/ThinkPHP/Library/Think/View.class.php 第 91 行.
NOTIC: [2] Cannot modify header information - headers already sent by (output started at /Users/rojer/Documents/php/shizai/ThinkPHP/Common/functions.php:850) /Users/rojer/Documents/php/shizai/ThinkPHP/Library/Think/View.class.php 第 92 行.
NOTIC: [2] Cannot modify header information - headers already sent by (output started at /Users/rojer/Documents/php/shizai/ThinkPHP/Common/functions.php:850) /Users/rojer/Documents/php/shizai/ThinkPHP/Library/Think/View.class.php 第 93 行.
INFO: [ app_end ] --START--
INFO: Run Behavior\ShowPageTraceBehavior [ RunTime:0.000992s ]
INFO: [ app_end ] --END-- [ RunTime:0.001144s ]

[ 2016-04-05T20:50:57+08:00 ] ::1 /news/1
INFO: [ app_init ] --START--
INFO: Run Behavior\BuildLiteBehavior [ RunTime:0.000044s ]
INFO: [ app_init ] --END-- [ RunTime:0.000672s ]
INFO: [ app_begin ] --START--
INFO: Run Behavior\ReadHtmlCacheBehavior [ RunTime:0.000771s ]
INFO: [ app_begin ] --END-- [ RunTime:0.000966s ]
INFO: [ auth ] --START--
INFO: Run Home\Behaviors\AuthBehavior [ RunTime:0.000805s ]
INFO: [ auth ] --END-- [ RunTime:0.001138s ]
INFO: [ view_parse ] --START--
INFO: Run Behavior\ParseTemplateBehavior [ RunTime:0.000483s ]
INFO: [ view_parse ] --END-- [ RunTime:0.000664s ]
INFO: [ view_filter ] --START--
INFO: Run Behavior\WriteHtmlCacheBehavior [ RunTime:0.000244s ]
INFO: [ view_filter ] --END-- [ RunTime:0.000401s ]
NOTIC: [2] Cannot modify header information - headers already sent by (output started at /Users/rojer/Documents/php/shizai/ThinkPHP/Common/functions.php:850) /Users/rojer/Documents/php/shizai/ThinkPHP/Library/Think/View.class.php 第 91 行.
NOTIC: [2] Cannot modify header information - headers already sent by (output started at /Users/rojer/Documents/php/shizai/ThinkPHP/Common/functions.php:850) /Users/rojer/Documents/php/shizai/ThinkPHP/Library/Think/View.class.php 第 92 行.
NOTIC: [2] Cannot modify header information - headers already sent by (output started at /Users/rojer/Documents/php/shizai/ThinkPHP/Common/functions.php:850) /Users/rojer/Documents/php/shizai/ThinkPHP/Library/Think/View.class.php 第 93 行.
INFO: [ app_end ] --START--
INFO: Run Behavior\ShowPageTraceBehavior [ RunTime:0.000791s ]
INFO: [ app_end ] --END-- [ RunTime:0.000948s ]

[ 2016-04-05T20:51:05+08:00 ] ::1 /news/1
INFO: [ app_init ] --START--
INFO: Run Behavior\BuildLiteBehavior [ RunTime:0.000038s ]
INFO: [ app_init ] --END-- [ RunTime:0.000558s ]
INFO: [ app_begin ] --START--
INFO: Run Behavior\ReadHtmlCacheBehavior [ RunTime:0.000848s ]
INFO: [ app_begin ] --END-- [ RunTime:0.001002s ]
INFO: [ auth ] --START--
INFO: Run Home\Behaviors\AuthBehavior [ RunTime:0.000347s ]
INFO: [ auth ] --END-- [ RunTime:0.000480s ]
INFO: [ app_end ] --START--
INFO: Run Behavior\ShowPageTraceBehavior [ RunTime:0.000658s ]
INFO: [ app_end ] --END-- [ RunTime:0.000791s ]

[ 2016-04-05T20:53:41+08:00 ] ::1 /news/1
INFO: [ app_init ] --START--
INFO: Run Behavior\BuildLiteBehavior [ RunTime:0.000043s ]
INFO: [ app_init ] --END-- [ RunTime:0.000625s ]
INFO: [ app_begin ] --START--
INFO: Run Behavior\ReadHtmlCacheBehavior [ RunTime:0.000949s ]
INFO: [ app_begin ] --END-- [ RunTime:0.001199s ]
INFO: [ auth ] --START--

[ 2016-04-05T20:53:48+08:00 ] ::1 /news/1
INFO: [ app_init ] --START--
INFO: Run Behavior\BuildLiteBehavior [ RunTime:0.000043s ]
INFO: [ app_init ] --END-- [ RunTime:0.000742s ]
INFO: [ app_begin ] --START--
INFO: Run Behavior\ReadHtmlCacheBehavior [ RunTime:0.000645s ]
INFO: [ app_begin ] --END-- [ RunTime:0.000787s ]
INFO: [ auth ] --START--

[ 2016-04-05T20:53:57+08:00 ] ::1 /news/1
INFO: [ app_init ] --START--
INFO: Run Behavior\BuildLiteBehavior [ RunTime:0.000044s ]
INFO: [ app_init ] --END-- [ RunTime:0.000628s ]
INFO: [ app_begin ] --START--
INFO: Run Behavior\ReadHtmlCacheBehavior [ RunTime:0.000841s ]
INFO: [ app_begin ] --END-- [ RunTime:0.001034s ]
INFO: [ auth ] --START--

[ 2016-04-05T20:53:58+08:00 ] ::1 /news/1
INFO: [ app_init ] --START--
INFO: Run Behavior\BuildLiteBehavior [ RunTime:0.000038s ]
INFO: [ app_init ] --END-- [ RunTime:0.000597s ]
INFO: [ app_begin ] --START--
INFO: Run Behavior\ReadHtmlCacheBehavior [ RunTime:0.001019s ]
INFO: [ app_begin ] --END-- [ RunTime:0.001227s ]
INFO: [ auth ] --START--

[ 2016-04-05T20:54:02+08:00 ] ::1 /news/1
INFO: [ app_init ] --START--
INFO: Run Behavior\BuildLiteBehavior [ RunTime:0.000053s ]
INFO: [ app_init ] --END-- [ RunTime:0.000801s ]
INFO: [ app_begin ] --START--
INFO: Run Behavior\ReadHtmlCacheBehavior [ RunTime:0.000768s ]
INFO: [ app_begin ] --END-- [ RunTime:0.000926s ]
INFO: [ auth ] --START--

[ 2016-04-05T20:54:58+08:00 ] ::1 /news/1
INFO: [ app_init ] --START--
INFO: Run Behavior\BuildLiteBehavior [ RunTime:0.000044s ]
INFO: [ app_init ] --END-- [ RunTime:0.000635s ]
INFO: [ app_begin ] --START--
INFO: Run Behavior\ReadHtmlCacheBehavior [ RunTime:0.000631s ]
INFO: [ app_begin ] --END-- [ RunTime:0.000778s ]
INFO: [ auth ] --START--
INFO: Run Home\Behaviors\AuthBehavior [ RunTime:0.001130s ]
INFO: [ auth ] --END-- [ RunTime:0.001432s ]
INFO: [ app_end ] --START--
INFO: Run Behavior\ShowPageTraceBehavior [ RunTime:0.000653s ]
INFO: [ app_end ] --END-- [ RunTime:0.000791s ]

[ 2016-04-05T21:08:17+08:00 ] ::1 /news/1
INFO: [ app_init ] --START--
INFO: Run Behavior\BuildLiteBehavior [ RunTime:0.000037s ]
INFO: [ app_init ] --END-- [ RunTime:0.000612s ]
INFO: [ app_begin ] --START--
INFO: Run Behavior\ReadHtmlCacheBehavior [ RunTime:0.000552s ]
INFO: [ app_begin ] --END-- [ RunTime:0.000686s ]
INFO: [ auth ] --START--
SQL: SHOW COLUMNS FROM `rule` [ RunTime:0.0030s ]
SQL: SELECT * FROM `rule` WHERE ( action = 'Index->index' ) LIMIT 1   [ RunTime:0.0017s ]
INFO: Run Home\Behaviors\AuthBehavior [ RunTime:0.046598s ]
INFO: [ auth ] --END-- [ RunTime:0.046736s ]
INFO: [ app_end ] --START--
INFO: Run Behavior\ShowPageTraceBehavior [ RunTime:0.000769s ]
INFO: [ app_end ] --END-- [ RunTime:0.000915s ]

[ 2016-04-05T21:08:44+08:00 ] ::1 /news/1
INFO: [ app_init ] --START--
INFO: Run Behavior\BuildLiteBehavior [ RunTime:0.000039s ]
INFO: [ app_init ] --END-- [ RunTime:0.000752s ]
INFO: [ app_begin ] --START--
INFO: Run Behavior\ReadHtmlCacheBehavior [ RunTime:0.000707s ]
INFO: [ app_begin ] --END-- [ RunTime:0.000894s ]
INFO: [ auth ] --START--
SQL: SHOW COLUMNS FROM `rule` [ RunTime:0.0018s ]
SQL: SELECT * FROM `rule` WHERE ( action = 'Index->index' ) LIMIT 1   [ RunTime:0.0003s ]
INFO: Run Home\Behaviors\AuthBehavior [ RunTime:0.022553s ]
INFO: [ auth ] --END-- [ RunTime:0.022692s ]
INFO: [ app_end ] --START--
INFO: Run Behavior\ShowPageTraceBehavior [ RunTime:0.000784s ]
INFO: [ app_end ] --END-- [ RunTime:0.000932s ]

[ 2016-04-05T21:19:24+08:00 ] ::1 /news/1
INFO: [ app_init ] --START--
INFO: Run Behavior\BuildLiteBehavior [ RunTime:0.000030s ]
INFO: [ app_init ] --END-- [ RunTime:0.000482s ]
INFO: [ app_begin ] --START--
INFO: Run Behavior\ReadHtmlCacheBehavior [ RunTime:0.000535s ]
INFO: [ app_begin ] --END-- [ RunTime:0.000666s ]
INFO: [ auth ] --START--
SQL: SHOW COLUMNS FROM `rule` [ RunTime:0.0017s ]
SQL: SELECT * FROM `rule` WHERE ( action = 'Index::index' ) LIMIT 1   [ RunTime:0.0002s ]
SQL: SHOW COLUMNS FROM `users` [ RunTime:0.0010s ]
SQL: SHOW COLUMNS FROM `role_user_play` [ RunTime:0.0010s ]
ERR: 1064:You have an error in your SQL syntax; check the manual that corresponds to your MySQL server version for the right syntax to use near '%d )' at line 1
 [ SQL语句 ] : SELECT * FROM `role_user_play` LEFT JOIN role_groupAS table_role_group on rule.rid = table_role_group.id  WHERE ( uid = %d ) 
ERR: 1064:You have an error in your SQL syntax; check the manual that corresponds to your MySQL server version for the right syntax to use near '%d )' at line 1
 [ SQL语句 ] : SELECT * FROM `role_user_play` LEFT JOIN role_groupAS table_role_group on rule.rid = table_role_group.id  WHERE ( uid = %d ) 

[ 2016-04-05T21:19:52+08:00 ] ::1 /news/1
INFO: [ app_init ] --START--
INFO: Run Behavior\BuildLiteBehavior [ RunTime:0.000030s ]
INFO: [ app_init ] --END-- [ RunTime:0.000488s ]
INFO: [ app_begin ] --START--
INFO: Run Behavior\ReadHtmlCacheBehavior [ RunTime:0.000546s ]
INFO: [ app_begin ] --END-- [ RunTime:0.000687s ]
INFO: [ auth ] --START--
SQL: SHOW COLUMNS FROM `rule` [ RunTime:0.0018s ]
SQL: SELECT * FROM `rule` WHERE ( action = 'Index::index' ) LIMIT 1   [ RunTime:0.0002s ]
SQL: SHOW COLUMNS FROM `users` [ RunTime:0.0009s ]
SQL: SHOW COLUMNS FROM `role_user_play` [ RunTime:0.0009s ]
ERR: 1064:You have an error in your SQL syntax; check the manual that corresponds to your MySQL server version for the right syntax to use near '%d )' at line 1
 [ SQL语句 ] : SELECT * FROM `role_user_play` LEFT JOIN role_group AS table_role_group on rule.rid = table_role_group.id  WHERE ( uid = %d ) 
ERR: 1064:You have an error in your SQL syntax; check the manual that corresponds to your MySQL server version for the right syntax to use near '%d )' at line 1
 [ SQL语句 ] : SELECT * FROM `role_user_play` LEFT JOIN role_group AS table_role_group on rule.rid = table_role_group.id  WHERE ( uid = %d ) 

[ 2016-04-05T21:20:54+08:00 ] ::1 /news/1
INFO: [ app_init ] --START--
INFO: Run Behavior\BuildLiteBehavior [ RunTime:0.000036s ]
INFO: [ app_init ] --END-- [ RunTime:0.000823s ]
INFO: [ app_begin ] --START--
INFO: Run Behavior\ReadHtmlCacheBehavior [ RunTime:0.000595s ]
INFO: [ app_begin ] --END-- [ RunTime:0.000735s ]
INFO: [ auth ] --START--
SQL: SHOW COLUMNS FROM `rule` [ RunTime:0.0023s ]
SQL: SELECT * FROM `rule` WHERE ( action = 'Index::index' ) LIMIT 1   [ RunTime:0.0003s ]
SQL: SHOW COLUMNS FROM `users` [ RunTime:0.0010s ]
ERR: Think\Controller:ajaxReturn方法不存在！

[ 2016-04-05T21:21:33+08:00 ] ::1 /news/1
INFO: [ app_init ] --START--
INFO: Run Behavior\BuildLiteBehavior [ RunTime:0.000035s ]
INFO: [ app_init ] --END-- [ RunTime:0.000582s ]
INFO: [ app_begin ] --START--
INFO: Run Behavior\ReadHtmlCacheBehavior [ RunTime:0.000734s ]
INFO: [ app_begin ] --END-- [ RunTime:0.000904s ]
INFO: [ auth ] --START--
SQL: SHOW COLUMNS FROM `rule` [ RunTime:0.0022s ]
SQL: SELECT * FROM `rule` WHERE ( action = 'Index::index' ) LIMIT 1   [ RunTime:0.0003s ]
SQL: SHOW COLUMNS FROM `users` [ RunTime:0.0011s ]
ERR: Think\Controller:returnAjax方法不存在！

[ 2016-04-05T21:21:51+08:00 ] ::1 /news/1
INFO: [ app_init ] --START--
INFO: Run Behavior\BuildLiteBehavior [ RunTime:0.000033s ]
INFO: [ app_init ] --END-- [ RunTime:0.000496s ]
INFO: [ app_begin ] --START--
INFO: Run Behavior\ReadHtmlCacheBehavior [ RunTime:0.000563s ]
INFO: [ app_begin ] --END-- [ RunTime:0.000703s ]
INFO: [ auth ] --START--
SQL: SHOW COLUMNS FROM `rule` [ RunTime:0.0017s ]
SQL: SELECT * FROM `rule` WHERE ( action = 'Index::index' ) LIMIT 1   [ RunTime:0.0003s ]
SQL: SHOW COLUMNS FROM `users` [ RunTime:0.0010s ]
ERR: Think\Controller:ajaxReturn方法不存在！

[ 2016-04-05T21:22:36+08:00 ] ::1 /news/1
INFO: [ app_init ] --START--
INFO: Run Behavior\BuildLiteBehavior [ RunTime:0.000056s ]
INFO: [ app_init ] --END-- [ RunTime:0.000757s ]
INFO: [ app_begin ] --START--
INFO: Run Behavior\ReadHtmlCacheBehavior [ RunTime:0.000638s ]
INFO: [ app_begin ] --END-- [ RunTime:0.000840s ]
INFO: [ auth ] --START--
SQL: SHOW COLUMNS FROM `rule` [ RunTime:0.0029s ]
SQL: SELECT * FROM `rule` WHERE ( action = 'Index::index' ) LIMIT 1   [ RunTime:0.0003s ]
SQL: SHOW COLUMNS FROM `users` [ RunTime:0.0009s ]
ERR: Think\Controller:ajaxReturn方法不存在！

[ 2016-04-05T21:22:59+08:00 ] ::1 /news/1
INFO: [ app_init ] --START--
INFO: Run Behavior\BuildLiteBehavior [ RunTime:0.000041s ]
INFO: [ app_init ] --END-- [ RunTime:0.000873s ]
INFO: [ app_begin ] --START--
INFO: Run Behavior\ReadHtmlCacheBehavior [ RunTime:0.000636s ]
INFO: [ app_begin ] --END-- [ RunTime:0.000790s ]
NOTIC: [8] Use of undefined constant parent - assumed 'parent' /Users/rojer/Documents/php/shizai/Application/Home/Controller/BaseController.class.php 第 23 行.
INFO: [ auth ] --START--
SQL: SHOW COLUMNS FROM `rule` [ RunTime:0.0016s ]
SQL: SELECT * FROM `rule` WHERE ( action = 'Index::index' ) LIMIT 1   [ RunTime:0.0003s ]
SQL: SHOW COLUMNS FROM `users` [ RunTime:0.0009s ]
ERR: Think\Controller:ajaxReturn方法不存在！
NOTIC: [2] Cannot modify header information - headers already sent by (output started at /Users/rojer/Documents/php/shizai/ThinkPHP/Common/functions.php:850) /Users/rojer/Documents/php/shizai/ThinkPHP/Library/Think/Think.class.php 第 229 行.
NOTIC: [2] Cannot modify header information - headers already sent by (output started at /Users/rojer/Documents/php/shizai/ThinkPHP/Common/functions.php:850) /Users/rojer/Documents/php/shizai/ThinkPHP/Library/Think/Think.class.php 第 230 行.

[ 2016-04-05T21:23:28+08:00 ] ::1 /news/1
INFO: [ app_init ] --START--
INFO: Run Behavior\BuildLiteBehavior [ RunTime:0.000037s ]
INFO: [ app_init ] --END-- [ RunTime:0.000715s ]
INFO: [ app_begin ] --START--
INFO: Run Behavior\ReadHtmlCacheBehavior [ RunTime:0.001033s ]
INFO: [ app_begin ] --END-- [ RunTime:0.001323s ]
NOTIC: [2] Missing argument 1 for Think\Controller::ajaxReturn(), called in /Users/rojer/Documents/php/shizai/Application/Home/Controller/BaseController.class.php on line 23 and defined /Users/rojer/Documents/php/shizai/ThinkPHP/Library/Think/Controller.class.php 第 210 行.
NOTIC: [8] Undefined variable: data /Users/rojer/Documents/php/shizai/ThinkPHP/Library/Think/Controller.class.php 第 216 行.

[ 2016-04-05T21:23:36+08:00 ] ::1 /news/1
INFO: [ app_init ] --START--
INFO: Run Behavior\BuildLiteBehavior [ RunTime:0.000036s ]
INFO: [ app_init ] --END-- [ RunTime:0.000619s ]
INFO: [ app_begin ] --START--
INFO: Run Behavior\ReadHtmlCacheBehavior [ RunTime:0.000617s ]
INFO: [ app_begin ] --END-- [ RunTime:0.000830s ]
NOTIC: [2] Missing argument 1 for Think\Controller::ajaxReturn(), called in /Users/rojer/Documents/php/shizai/Application/Home/Controller/BaseController.class.php on line 23 and defined /Users/rojer/Documents/php/shizai/ThinkPHP/Library/Think/Controller.class.php 第 210 行.
NOTIC: [8] Undefined variable: data /Users/rojer/Documents/php/shizai/ThinkPHP/Library/Think/Controller.class.php 第 216 行.

[ 2016-04-05T21:23:45+08:00 ] ::1 /news/1
INFO: [ app_init ] --START--
INFO: Run Behavior\BuildLiteBehavior [ RunTime:0.000036s ]
INFO: [ app_init ] --END-- [ RunTime:0.000563s ]
INFO: [ app_begin ] --START--
INFO: Run Behavior\ReadHtmlCacheBehavior [ RunTime:0.000727s ]
INFO: [ app_begin ] --END-- [ RunTime:0.000871s ]
INFO: [ auth ] --START--
SQL: SHOW COLUMNS FROM `rule` [ RunTime:0.0017s ]
SQL: SELECT * FROM `rule` WHERE ( action = 'Index::index' ) LIMIT 1   [ RunTime:0.0003s ]
SQL: SHOW COLUMNS FROM `users` [ RunTime:0.0010s ]
ERR: Think\Controller:ajaxReturn方法不存在！

[ 2016-04-05T21:29:36+08:00 ] ::1 /news/1
INFO: [ app_init ] --START--
INFO: Run Behavior\BuildLiteBehavior [ RunTime:0.000033s ]
INFO: [ app_init ] --END-- [ RunTime:0.000527s ]
INFO: [ app_begin ] --START--
INFO: Run Behavior\ReadHtmlCacheBehavior [ RunTime:0.000549s ]
INFO: [ app_begin ] --END-- [ RunTime:0.000746s ]
INFO: [ auth ] --START--
SQL: SHOW COLUMNS FROM `rule` [ RunTime:0.0016s ]
SQL: SELECT * FROM `rule` WHERE ( action = 'Index::index' ) LIMIT 1   [ RunTime:0.0002s ]
SQL: SHOW COLUMNS FROM `users` [ RunTime:0.0012s ]
ERR: Think\Controller:ajaxReturn方法不存在！

[ 2016-04-05T21:30:19+08:00 ] ::1 /news/1
INFO: [ app_init ] --START--
INFO: Run Behavior\BuildLiteBehavior [ RunTime:0.000032s ]
INFO: [ app_init ] --END-- [ RunTime:0.000485s ]
INFO: [ app_begin ] --START--
INFO: Run Behavior\ReadHtmlCacheBehavior [ RunTime:0.000550s ]
INFO: [ app_begin ] --END-- [ RunTime:0.000684s ]
NOTIC: [2] Missing argument 1 for Think\Controller::ajaxReturn(), called in /Users/rojer/Documents/php/shizai/Application/Home/Controller/BaseController.class.php on line 28 and defined /Users/rojer/Documents/php/shizai/ThinkPHP/Library/Think/Controller.class.php 第 210 行.
NOTIC: [8] Undefined variable: data /Users/rojer/Documents/php/shizai/ThinkPHP/Library/Think/Controller.class.php 第 216 行.

[ 2016-04-05T21:30:30+08:00 ] ::1 /news/1
INFO: [ app_init ] --START--
INFO: Run Behavior\BuildLiteBehavior [ RunTime:0.000031s ]
INFO: [ app_init ] --END-- [ RunTime:0.000481s ]
INFO: [ app_begin ] --START--
INFO: Run Behavior\ReadHtmlCacheBehavior [ RunTime:0.000657s ]
INFO: [ app_begin ] --END-- [ RunTime:0.000821s ]
INFO: [ auth ] --START--
SQL: SHOW COLUMNS FROM `rule` [ RunTime:0.0018s ]
SQL: SELECT * FROM `rule` WHERE ( action = 'Index::index' ) LIMIT 1   [ RunTime:0.0003s ]
SQL: SHOW COLUMNS FROM `users` [ RunTime:0.0009s ]
ERR: Think\Controller:ajaxReturn方法不存在！
NOTIC: [2] Cannot modify header information - headers already sent by (output started at /Users/rojer/Documents/php/shizai/ThinkPHP/Common/functions.php:850) /Users/rojer/Documents/php/shizai/ThinkPHP/Library/Think/Think.class.php 第 229 行.
NOTIC: [2] Cannot modify header information - headers already sent by (output started at /Users/rojer/Documents/php/shizai/ThinkPHP/Common/functions.php:850) /Users/rojer/Documents/php/shizai/ThinkPHP/Library/Think/Think.class.php 第 230 行.

[ 2016-04-05T21:31:03+08:00 ] ::1 /news/1
INFO: [ app_init ] --START--
INFO: Run Behavior\BuildLiteBehavior [ RunTime:0.000037s ]
INFO: [ app_init ] --END-- [ RunTime:0.000636s ]
INFO: [ app_begin ] --START--
INFO: Run Behavior\ReadHtmlCacheBehavior [ RunTime:0.000720s ]
INFO: [ app_begin ] --END-- [ RunTime:0.001010s ]
INFO: [ auth ] --START--
SQL: SHOW COLUMNS FROM `rule` [ RunTime:0.0018s ]
SQL: SELECT * FROM `rule` WHERE ( action = 'Index::index' ) LIMIT 1   [ RunTime:0.0003s ]
SQL: SHOW COLUMNS FROM `users` [ RunTime:0.0011s ]
ERR: Think\Controller:ajaxReturn方法不存在！
NOTIC: [2] Cannot modify header information - headers already sent by (output started at /Users/rojer/Documents/php/shizai/ThinkPHP/Common/functions.php:850) /Users/rojer/Documents/php/shizai/ThinkPHP/Library/Think/Think.class.php 第 229 行.
NOTIC: [2] Cannot modify header information - headers already sent by (output started at /Users/rojer/Documents/php/shizai/ThinkPHP/Common/functions.php:850) /Users/rojer/Documents/php/shizai/ThinkPHP/Library/Think/Think.class.php 第 230 行.

[ 2016-04-05T21:31:39+08:00 ] ::1 /news/1
INFO: [ app_init ] --START--
INFO: Run Behavior\BuildLiteBehavior [ RunTime:0.000035s ]
INFO: [ app_init ] --END-- [ RunTime:0.000533s ]
INFO: [ app_begin ] --START--
INFO: Run Behavior\ReadHtmlCacheBehavior [ RunTime:0.000549s ]
INFO: [ app_begin ] --END-- [ RunTime:0.000688s ]
INFO: [ auth ] --START--
SQL: SHOW COLUMNS FROM `rule` [ RunTime:0.0017s ]
SQL: SELECT * FROM `rule` WHERE ( action = 'Index::index' ) LIMIT 1   [ RunTime:0.0003s ]
SQL: SHOW COLUMNS FROM `users` [ RunTime:0.0010s ]
ERR: Think\Controller:ajaxReturn方法不存在！
NOTIC: [2] Cannot modify header information - headers already sent by (output started at /Users/rojer/Documents/php/shizai/ThinkPHP/Common/functions.php:850) /Users/rojer/Documents/php/shizai/ThinkPHP/Library/Think/Think.class.php 第 229 行.
NOTIC: [2] Cannot modify header information - headers already sent by (output started at /Users/rojer/Documents/php/shizai/ThinkPHP/Common/functions.php:850) /Users/rojer/Documents/php/shizai/ThinkPHP/Library/Think/Think.class.php 第 230 行.

[ 2016-04-05T21:33:10+08:00 ] ::1 /news/1
INFO: [ app_init ] --START--
INFO: Run Behavior\BuildLiteBehavior [ RunTime:0.000032s ]
INFO: [ app_init ] --END-- [ RunTime:0.000481s ]
INFO: [ app_begin ] --START--
INFO: Run Behavior\ReadHtmlCacheBehavior [ RunTime:0.000536s ]
INFO: [ app_begin ] --END-- [ RunTime:0.000668s ]
INFO: [ auth ] --START--
SQL: SHOW COLUMNS FROM `rule` [ RunTime:0.0018s ]
SQL: SELECT * FROM `rule` WHERE ( action = 'Index::index' ) LIMIT 1   [ RunTime:0.0003s ]
SQL: SHOW COLUMNS FROM `users` [ RunTime:0.0011s ]
ERR: Think\Controller:ajaxReturn方法不存在！
NOTIC: [2] Cannot modify header information - headers already sent by (output started at /Users/rojer/Documents/php/shizai/ThinkPHP/Common/functions.php:850) /Users/rojer/Documents/php/shizai/ThinkPHP/Library/Think/Think.class.php 第 229 行.
NOTIC: [2] Cannot modify header information - headers already sent by (output started at /Users/rojer/Documents/php/shizai/ThinkPHP/Common/functions.php:850) /Users/rojer/Documents/php/shizai/ThinkPHP/Library/Think/Think.class.php 第 230 行.

[ 2016-04-05T21:33:12+08:00 ] ::1 /news/1
INFO: [ app_init ] --START--
INFO: Run Behavior\BuildLiteBehavior [ RunTime:0.000033s ]
INFO: [ app_init ] --END-- [ RunTime:0.000477s ]
INFO: [ app_begin ] --START--
INFO: Run Behavior\ReadHtmlCacheBehavior [ RunTime:0.000529s ]
INFO: [ app_begin ] --END-- [ RunTime:0.000661s ]
INFO: [ auth ] --START--
SQL: SHOW COLUMNS FROM `rule` [ RunTime:0.0017s ]
SQL: SELECT * FROM `rule` WHERE ( action = 'Index::index' ) LIMIT 1   [ RunTime:0.0003s ]
SQL: SHOW COLUMNS FROM `users` [ RunTime:0.0010s ]
ERR: Think\Controller:ajaxReturn方法不存在！
NOTIC: [2] Cannot modify header information - headers already sent by (output started at /Users/rojer/Documents/php/shizai/ThinkPHP/Common/functions.php:850) /Users/rojer/Documents/php/shizai/ThinkPHP/Library/Think/Think.class.php 第 229 行.
NOTIC: [2] Cannot modify header information - headers already sent by (output started at /Users/rojer/Documents/php/shizai/ThinkPHP/Common/functions.php:850) /Users/rojer/Documents/php/shizai/ThinkPHP/Library/Think/Think.class.php 第 230 行.

[ 2016-04-05T21:33:55+08:00 ] ::1 /news/1
INFO: [ app_init ] --START--
INFO: Run Behavior\BuildLiteBehavior [ RunTime:0.000031s ]
INFO: [ app_init ] --END-- [ RunTime:0.000481s ]
INFO: [ app_begin ] --START--
INFO: Run Behavior\ReadHtmlCacheBehavior [ RunTime:0.000537s ]
INFO: [ app_begin ] --END-- [ RunTime:0.000667s ]
INFO: [ auth ] --START--
SQL: SHOW COLUMNS FROM `rule` [ RunTime:0.0014s ]
SQL: SELECT * FROM `rule` WHERE ( action = 'Index::index' ) LIMIT 1   [ RunTime:0.0003s ]
SQL: SHOW COLUMNS FROM `users` [ RunTime:0.0012s ]
ERR: Think\Controller:ajaxReturn方法不存在！
NOTIC: [2] Cannot modify header information - headers already sent by (output started at /Users/rojer/Documents/php/shizai/ThinkPHP/Common/functions.php:850) /Users/rojer/Documents/php/shizai/ThinkPHP/Library/Think/Think.class.php 第 229 行.
NOTIC: [2] Cannot modify header information - headers already sent by (output started at /Users/rojer/Documents/php/shizai/ThinkPHP/Common/functions.php:850) /Users/rojer/Documents/php/shizai/ThinkPHP/Library/Think/Think.class.php 第 230 行.

[ 2016-04-05T21:39:16+08:00 ] ::1 /news/1
INFO: [ app_init ] --START--
INFO: Run Behavior\BuildLiteBehavior [ RunTime:0.000031s ]
INFO: [ app_init ] --END-- [ RunTime:0.000478s ]
INFO: [ app_begin ] --START--
INFO: Run Behavior\ReadHtmlCacheBehavior [ RunTime:0.000532s ]
INFO: [ app_begin ] --END-- [ RunTime:0.000662s ]
INFO: [ auth ] --START--
SQL: SHOW COLUMNS FROM `rule` [ RunTime:0.0018s ]
SQL: SELECT * FROM `rule` WHERE ( action = 'Index::index' ) LIMIT 1   [ RunTime:0.0003s ]
SQL: SHOW COLUMNS FROM `users` [ RunTime:0.0009s ]

[ 2016-04-05T21:41:42+08:00 ] ::1 /news/1
INFO: [ app_init ] --START--
INFO: Run Behavior\BuildLiteBehavior [ RunTime:0.000033s ]
INFO: [ app_init ] --END-- [ RunTime:0.000487s ]
INFO: [ app_begin ] --START--
INFO: Run Behavior\ReadHtmlCacheBehavior [ RunTime:0.000588s ]
INFO: [ app_begin ] --END-- [ RunTime:0.000732s ]
NOTIC: [2048] Declaration of Home\Controller\BaseController::error() should be compatible with Think\Controller::error($message = '', $jumpUrl = '', $ajax = false) /Users/rojer/Documents/php/shizai/Application/Home/Controller/BaseController.class.php 第 31 行.
INFO: [ auth ] --START--
SQL: SHOW COLUMNS FROM `rule` [ RunTime:0.0017s ]
SQL: SELECT * FROM `rule` WHERE ( action = 'Index::index' ) LIMIT 1   [ RunTime:0.0003s ]
SQL: SHOW COLUMNS FROM `users` [ RunTime:0.0010s ]
NOTIC: [2] Cannot modify header information - headers already sent by (output started at /Users/rojer/Documents/php/shizai/ThinkPHP/Common/functions.php:850) /Users/rojer/Documents/php/shizai/ThinkPHP/Library/Think/Controller.class.php 第 215 行.

[ 2016-04-05T21:41:52+08:00 ] ::1 /news/1
INFO: [ app_init ] --START--
INFO: Run Behavior\BuildLiteBehavior [ RunTime:0.000033s ]
INFO: [ app_init ] --END-- [ RunTime:0.000532s ]
INFO: [ app_begin ] --START--
INFO: Run Behavior\ReadHtmlCacheBehavior [ RunTime:0.000665s ]
INFO: [ app_begin ] --END-- [ RunTime:0.000820s ]
NOTIC: [2048] Declaration of Home\Controller\BaseController::error() should be compatible with Think\Controller::error($message = '', $jumpUrl = '', $ajax = false) /Users/rojer/Documents/php/shizai/Application/Home/Controller/BaseController.class.php 第 31 行.
INFO: [ auth ] --START--
SQL: SHOW COLUMNS FROM `rule` [ RunTime:0.0017s ]
SQL: SELECT * FROM `rule` WHERE ( action = 'Index::index' ) LIMIT 1   [ RunTime:0.0003s ]
SQL: SHOW COLUMNS FROM `users` [ RunTime:0.0009s ]

[ 2016-04-05T21:42:13+08:00 ] ::1 /news/1
INFO: [ app_init ] --START--
INFO: Run Behavior\BuildLiteBehavior [ RunTime:0.000034s ]
INFO: [ app_init ] --END-- [ RunTime:0.000534s ]
INFO: [ app_begin ] --START--
INFO: Run Behavior\ReadHtmlCacheBehavior [ RunTime:0.000541s ]
INFO: [ app_begin ] --END-- [ RunTime:0.000673s ]
NOTIC: [2048] Declaration of Home\Controller\BaseController::error() should be compatible with Think\Controller::error($message = '', $jumpUrl = '', $ajax = false) /Users/rojer/Documents/php/shizai/Application/Home/Controller/BaseController.class.php 第 31 行.
INFO: [ auth ] --START--
SQL: SHOW COLUMNS FROM `rule` [ RunTime:0.0016s ]
SQL: SELECT * FROM `rule` WHERE ( action = 'Index::index' ) LIMIT 1   [ RunTime:0.0002s ]
SQL: SHOW COLUMNS FROM `users` [ RunTime:0.0009s ]

